     1                                  ;alive.asm
     2                                  section .data
     3 00000000 48656C6C6F2C20776F-         msg1    db  "Hello, world", 10, 0
     3 00000009 726C640A00         
     4                                      msg1Len equ $-msg1-1    ;measure the len minus the 0
     5 0000000E 416C69766520616E64-         msg2    db  "Alive and Kicking", 10, 0
     5 00000017 204B69636B696E670A-
     5 00000020 00                 
     6                                      msg2Len equ $-msg2-1    ;measure the len minus the 0
     7 00000021 6501000000000000            radius  dq  357
     8 00000029 1F85EB51B81E0940            pi      dq  3.14
     9                                  section .bss
    10                                  section .text
    11                                      global main
    12                                  main:
    13 00000000 55                          push    rbp         ; function prologue
    14 00000001 4889E5                      mov     rbp, rsp    ; function prologue
    15 00000004 B801000000                  mov     rax, 1      ; 1 = write
    16 00000009 BF01000000                  mov     rdi, 1      ; 1 = to stdout
    17 0000000E 48BE-                       mov     rsi, msg1
    17 00000010 [0000000000000000] 
    18 00000018 BA0D000000                  mov     rdx, msg1Len
    19 0000001D 0F05                        syscall
    20 0000001F B801000000                  mov     rax, 1
    21 00000024 BF01000000                  mov     rdi, 1
    22 00000029 48BE-                       mov     rsi, msg2
    22 0000002B [0E00000000000000] 
    23 00000033 BA12000000                  mov     rdx, msg2Len
    24 00000038 0F05                        syscall
    25 0000003A 4889EC                      mov     rsp, rbp    ; function epilogue
    26 0000003D 5D                          pop     rbp         ; function epilogue
    27 0000003E B83C000000                  mov     rax, 60
    28 00000043 BF00000000                  mov     rdi, 0
    29 00000048 0F05                        syscall
