     1                                  ;shifts.asm
     2                                  extern printf
     3                                  section .data
     4 00000000 0100000000000000            aByte           dq  1
     5 00000008 43757272656E742062-         bFmt            db  "Current byte value %1d", 10, 0
     5 00000011 7974652076616C7565-
     5 0000001A 202531640A00       
     6                                  section .bss
     7                                      bResult  resb   0
     8                                  section .text
     9                                      global main
    10                                  main:
    11 00000000 55                          push rbp
    12 00000001 4889E5                      mov rbp, rsp
    13                                  
    14 00000004 B908000000                  mov rcx, 8
    15 00000009 4831C0                      xor rax, rax
    16                                      salLoop:
    17 0000000C 488B0425[00000000]              mov rax, [aByte]
    18 00000014 48D1E0                          sal rax, 1
    19 00000017 48890425[00000000]              mov [aByte], rax
    20                                  
    21 0000001F 51                              push rcx
    22                                  
    23 00000020 48BF-                           mov rdi, bFmt
    23 00000022 [0800000000000000] 
    24 0000002A 488B3425[00000000]              mov rsi, [aByte]
    25 00000032 B800000000                      mov rax, 0
    26 00000037 E8(00000000)                    call printf
    27                                  
    28 0000003C 59                              pop rcx
    29                                  
    30 0000003D E2CD                            loop salLoop
    31                                  
    32 0000003F 4889EC                      mov rsp, rbp
    33 00000042 5D                          pop rbp
    34 00000043 C3                          ret
