     1                                  ; move.asm
     2                                  section .data
     3 00000000 7B                          bNum    db  123
     4 00000001 3930                        wNum    dw  12345
     5 00000003 D2029649                    dNum    dd  1234567890
     6 00000007 1581E97DF4102211            qNum1   dq  1234567890123456789
     7 0000000F 40E2010000000000            qNum2   dq  123456
     8 00000017 1F85EB51B81E0940            qNum3   dq  3.14
     9                                  
    10                                  section .bss
    11                                  
    12                                  section .text
    13                                      global main
    14                                  
    15                                  main:
    16 00000000 55                          push rbp        ;prelude
    17 00000001 4889E5                      mov rbp, rsp    ;prelude
    18                                  
    19 00000004 48C7C0FFFFFFFF              mov rax, -1             ;fill rax with 1s
    20 0000000B 8A0425[00000000]            mov al, byte [bNum]     ;does NOT clear upper bits of rax
    21 00000012 4831C0                      xor rax, rax            ;clear rax
    22 00000015 8A0425[00000000]            mov al, byte [bNum]     ;now rax has correct value
    23                                  
    24 0000001C 48C7C0FFFFFFFF              mov rax, -1             ;fill rax with 1s
    25 00000023 668B0425[01000000]          mov ax, word [wNum]     ;does NOT clear upper bits of rax
    26 0000002B 4831C0                      xor rax, rax
    27 0000002E 668B0425[01000000]          mov ax, word [wNum]     ;now rax has correct value
    28                                  
    29 00000036 48C7C0FFFFFFFF              mov rax, -1
    30 0000003D 8B0425[03000000]            mov eax, dword [dNum]   ;does clear upper bits of rax
    31                                  
    32 00000044 48C7C0FFFFFFFF              mov rax, -1             ;fill rax with 1s
    33 0000004B 488B0425[07000000]          mov rax, qword [qNum1]  ;does clear upper bits of rax
    34 00000053 48890425[0F000000]          mov qword [qNum2], rax  ;one operand always a register
    35 0000005B B840E20100                  mov rax, 123456         ;source operand an immediate value
    36                                  
    37 00000060 F30F7E0425-                 movq xmm0, [qNum3]      ;instruction for floating point
    37 00000065 [17000000]         
    38                                  
    39 00000069 4889EC                      mov rsp, rbp
    40 0000006C 5D                          pop rbp
    41                                  
    42 0000006D C3                          ret
