     1                                  ;alive.asm
     2                                  extern  printf
     3                                  section .data
     4 00000000 48656C6C6F2C20576F-         msg1    db  "Hello, World!", 10, 0
     4 00000009 726C64210A00       
     5                                      msg1Len equ $-msg1-1    ;measure the len minus the 0
     6 0000000F 416C69766520616E64-         msg2    db  "Alive and Kicking!", 10, 0
     6 00000018 204B69636B696E6721-
     6 00000021 0A00               
     7                                      msg2Len equ $-msg2-1    ;measure the len minus the 0
     8 00000023 6501000000000000            radius  dq  357
     9 0000002B 546869732069732072-         radiusFmt   db  "This is radius: %d.", 10, 0
     9 00000034 61646975733A202564-
     9 0000003D 2E0A00             
    10 00000040 1F85EB51B81E0940            pi      dq  3.14
    11 00000048 546869732069732070-         piFmt   db  "This is pi: %3f", 10, 0
    11 00000051 693A202533660A00   
    12                                  section .bss
    13                                  section .text
    14                                      global main
    15                                  main:
    16 00000000 55                          push    rbp         ; function prologue
    17 00000001 4889E5                      mov     rbp, rsp    ; function prologue
    18                                  
    19 00000004 B801000000                  mov     rax, 1      ; 1 = write
    20 00000009 BF01000000                  mov     rdi, 1      ; 1 = to stdout
    21 0000000E 48BE-                       mov     rsi, msg1
    21 00000010 [0000000000000000] 
    22 00000018 BA0E000000                  mov     rdx, msg1Len
    23 0000001D 0F05                        syscall
    24                                  
    25 0000001F B801000000                  mov     rax, 1
    26 00000024 BF01000000                  mov     rdi, 1
    27 00000029 48BE-                       mov     rsi, msg2
    27 0000002B [0F00000000000000] 
    28 00000033 BA13000000                  mov     rdx, msg2Len
    29 00000038 0F05                        syscall
    30                                  
    31                                  ; print radius
    32 0000003A B800000000                  mov     rax, 0
    33 0000003F 48BF-                       mov     rdi, radiusFmt
    33 00000041 [2B00000000000000] 
    34 00000049 488B3425[23000000]          mov     rsi, [radius]
    35 00000051 E8(00000000)                call    printf
    36                                  
    37                                  ;print pi
    38 00000056 B801000000                  mov     rax, 1      ;1 xmm register
    39 0000005B F30F7E0425-                 movq    xmm0, [pi]
    39 00000060 [40000000]         
    40 00000064 48BF-                       mov     rdi, piFmt
    40 00000066 [4800000000000000] 
    41 0000006E E8(00000000)                call    printf
    42                                  
    43 00000073 4889EC                      mov     rsp, rbp    ; function epilogue
    44 00000076 5D                          pop     rbp         ; function epilogue
    45                                  
    46 00000077 C3                          ret
